{"name": "test_day9", "status": "failed", "statusDetails": {"message": "AssertionError: assert 500.0 == (500.0 - 25.0)", "trace": "def test_day9():\n        driver = webdriver.Chrome()\n        driver.maximize_window()\n        driver.implicitly_wait(3)\n        url = 'http://live.techpanda.org/'\n        with allure.step(\"Step 1: Go to http://live.techpanda.org/\"):\n            driver.get(url)\n        with allure.step(\"Step 2: Go to Mobile and add IPHONE to cart \"):\n            driver.find_element(By.XPATH, \"//a[contains(text(),'Mobile')]\").click()\n    \n            driver.find_element(By.XPATH, \"//h2[@class='product-name']//a[@title='IPhone']//ancestor::h2//following-sibling::div[@class='actions']//button\").click()\n            time.sleep(1)\n        with allure.step(\"Step 3: Enter Coupon Code\"):\n            capture_screen(driver, 'before applying coupon')\n            init_price = float(driver.find_element(By.XPATH, \"//strong//span[@class='price']\").text[1:])\n    \n            coupon_code = 'GURU50'\n    \n            driver.find_element(By.XPATH, \"//input[@id='coupon_code']\").send_keys(coupon_code)\n            driver.find_element(By.XPATH, \"//button[@title='Apply']\").click()\n            time.sleep(0.5)\n        with allure.step(\"Step 4: Verify the discount generated\"):\n            capture_screen(driver, \"after applying coupon\")\n            discount_amount = float(driver.find_element(By.XPATH, \"//table[@id='shopping-cart-totals-table']//*[contains(text(),'Discount')]//following-sibling::td\").text[2:])\n            assert init_price * 0.05 == discount_amount\n            after_grand_total = float(driver.find_element(By.XPATH, \"//strong//span[@class='price']\").text[1:])\n>           assert after_grand_total == init_price - discount_amount\nE           assert 500.0 == (500.0 - 25.0)\n\ntest_Day9.py:51: AssertionError"}, "steps": [{"name": "Step 1: Go to http://live.techpanda.org/", "status": "passed", "start": 1724431931680, "stop": 1724431932922}, {"name": "Step 2: Go to Mobile and add IPHONE to cart ", "status": "passed", "start": 1724431932922, "stop": 1724431935139}, {"name": "Step 3: Enter Coupon Code", "status": "passed", "attachments": [{"name": "before applying coupon", "source": "e8a0d9ca-6951-41db-827a-26b8996c6c0f-attachment.png", "type": "image/png"}], "start": 1724431935139, "stop": 1724431936490}, {"name": "Step 4: Verify the discount generated", "status": "failed", "statusDetails": {"message": "AssertionError: assert 500.0 == (500.0 - 25.0)\n", "trace": "  File \"C:\\Users\\Nemo\\Documents\\Automation_Testing_Learning\\Guru99_LiveProjects\\Live_Selenium_2\\test_Day9.py\", line 51, in test_day9\n    assert after_grand_total == init_price - discount_amount\n"}, "attachments": [{"name": "after applying coupon", "source": "779670ff-c26e-44a7-861d-71c9f78f1343-attachment.png", "type": "image/png"}], "start": 1724431936490, "stop": 1724431936655}], "start": 1724431930368, "stop": 1724431936656, "uuid": "627e28a0-e3f6-4ef2-b50f-bd82d91424c2", "historyId": "2467c17ba019a37c58edaf0efdefd9b4", "testCaseId": "2467c17ba019a37c58edaf0efdefd9b4", "fullName": "test_Day9#test_day9", "labels": [{"name": "suite", "value": "test_Day9"}, {"name": "host", "value": "NEMO"}, {"name": "thread", "value": "129096-MainThread"}, {"name": "framework", "value": "pytest"}, {"name": "language", "value": "cpython3"}, {"name": "package", "value": "test_Day9"}]}