{"name": "test_day8", "status": "failed", "statusDetails": {"message": "AssertionError: assert 67650.0 == (615.0 * 10)", "trace": "def test_day8():\n        driver = webdriver.Chrome()\n        driver.maximize_window\n        driver.implicitly_wait(3)\n        with allure.step(\"Step 1: Go to http://live.techpanda.org/\"):\n            driver.get(Data().url)\n    \n        with allure.step(\"Step 2: Click on My Account link \"):\n            driver.find_element(By.XPATH, \"//div[@class='footer']//a[@title='My Account']\").click()\n    \n        with allure.step(\"Step 3: Login in application using previously created credential\"):\n            driver.find_element(By.XPATH, \"//input[@title = 'Email Address']\").send_keys(Data().email)\n            driver.find_element(By.XPATH, \"//input[@title = 'Password']\").send_keys(Data().pwd)\n            driver.find_element(By.XPATH, \"//button[@title= 'Login']\").click()\n    \n        with allure.step(\"Step 4: Click on 'REORDER' link, change QTY & click Update'\"):\n            driver.find_element(By.XPATH, \"//a[contains(text(),'Reorder')]\").click()\n            init_price = float(driver.find_element(By.XPATH, \"//strong//span[@class='price']\").text[1:].replace(',',''))\n            capture_screen(driver, 'before updating qty')\n            qty = 10\n            driver.find_element(By.XPATH, \"//input[@title='Qty']\").send_keys(qty)\n            driver.find_element(By.XPATH, \"//button[@title='Update']\").click()\n            capture_screen(driver, 'after udpating qty')\n            updated_price = float(driver.find_element(By.XPATH, \"//strong//span[@class='price']\").text[1:].replace(',',''))\n>           assert updated_price == init_price * qty\nE           assert 67650.0 == (615.0 * 10)\n\ntest_Day8.py:54: AssertionError"}, "steps": [{"name": "Step 1: Go to http://live.techpanda.org/", "status": "passed", "start": 1724367048605, "stop": 1724367049900}, {"name": "Step 2: Click on My Account link ", "status": "passed", "start": 1724367049900, "stop": 1724367050409}, {"name": "Step 3: Login in application using previously created credential", "status": "passed", "start": 1724367050409, "stop": 1724367051156}, {"name": "Step 4: Click on 'REORDER' link, change QTY & click Update'", "status": "failed", "statusDetails": {"message": "AssertionError: assert 67650.0 == (615.0 * 10)\n", "trace": "  File \"C:\\Users\\Nemo\\Documents\\Automation_Testing_Learning\\Guru99_LiveProjects\\Live_Selenium_2\\test_Day8.py\", line 54, in test_day8\n    assert updated_price == init_price * qty\n"}, "attachments": [{"name": "before updating qty", "source": "58af956b-5201-44f6-9bcb-7edb4e5d2b05-attachment.png", "type": "image/png"}, {"name": "after udpating qty", "source": "8452bff2-68cb-4d60-9053-bb5b5b78b76e-attachment.png", "type": "image/png"}], "start": 1724367051156, "stop": 1724367052849}], "start": 1724367047412, "stop": 1724367052849, "uuid": "33f96b48-393d-4917-9df1-24d3b2b65de0", "historyId": "d300acc439e0e9c79d12fa562ef15d8d", "testCaseId": "d300acc439e0e9c79d12fa562ef15d8d", "fullName": "test_Day8#test_day8", "labels": [{"name": "suite", "value": "test_Day8"}, {"name": "host", "value": "NEMO"}, {"name": "thread", "value": "110540-MainThread"}, {"name": "framework", "value": "pytest"}, {"name": "language", "value": "cpython3"}, {"name": "package", "value": "test_Day8"}]}