{"name": "test_day6", "status": "broken", "statusDetails": {"message": "selenium.common.exceptions.NoSuchElementException: Message: no such element: Unable to locate element: {\"method\":\"xpath\",\"selector\":\"//ul[@class='checkout-types top']//button[@title='Proceed to Checkout']\"}\n  (Session info: chrome=127.0.6533.120); For documentation on this error, please visit: https://www.selenium.dev/documentation/webdriver/troubleshooting/errors#no-such-element-exception\nStacktrace:\n\tGetHandleVerifier [0x00007FF7C75F9642+30946]\n\t(No symbol) [0x00007FF7C75AE3D9]\n\t(No symbol) [0x00007FF7C74A6FDA]\n\t(No symbol) [0x00007FF7C74F822C]\n\t(No symbol) [0x00007FF7C74F850C]\n\t(No symbol) [0x00007FF7C753DCB7]\n\t(No symbol) [0x00007FF7C751CAAF]\n\t(No symbol) [0x00007FF7C753B041]\n\t(No symbol) [0x00007FF7C751C813]\n\t(No symbol) [0x00007FF7C74EA6E5]\n\t(No symbol) [0x00007FF7C74EB021]\n\tGetHandleVerifier [0x00007FF7C772F84D+1301229]\n\tGetHandleVerifier [0x00007FF7C773BDC7+1351783]\n\tGetHandleVerifier [0x00007FF7C7732A13+1313971]\n\tGetHandleVerifier [0x00007FF7C762DD16+245686]\n\t(No symbol) [0x00007FF7C75B759F]\n\t(No symbol) [0x00007FF7C75B3814]\n\t(No symbol) [0x00007FF7C75B39A2]\n\t(No symbol) [0x00007FF7C75AA3FF]\n\tBaseThreadInitThunk [0x00007FF9538D257D+29]\n\tRtlUserThreadStart [0x00007FF955BEAF28+40]", "trace": "def test_day6():\n        driver = webdriver.Chrome()\n        with allure.step(\"Step 1: go to page\"):\n            driver.get(Data().url)\n            driver.maximize_window\n            driver.implicitly_wait(3)\n>       check_out(driver)\n\ntest_Day6.py:134: \n_ _ _ _ _ _ _ _ _ _ _ _ _ _ _ _ _ _ _ _ _ _ _ _ _ _ _ _ _ _ _ _ _ _ _ _ _ _ _ _ _ _ _ _ _ _ _ _ _ _ _ _ _ _ _ _ _ _ _ _ _ _ _ \ntest_Day6.py:73: in check_out\n    driver.find_element(By.XPATH, \"//ul[@class='checkout-types top']//button[@title='Proceed to Checkout']\").click()\n..\\..\\..\\..\\AppData\\Local\\Programs\\Python\\Python310\\lib\\site-packages\\selenium\\webdriver\\remote\\webdriver.py:748: in find_element\n    return self.execute(Command.FIND_ELEMENT, {\"using\": by, \"value\": value})[\"value\"]\n..\\..\\..\\..\\AppData\\Local\\Programs\\Python\\Python310\\lib\\site-packages\\selenium\\webdriver\\remote\\webdriver.py:354: in execute\n    self.error_handler.check_response(response)\n_ _ _ _ _ _ _ _ _ _ _ _ _ _ _ _ _ _ _ _ _ _ _ _ _ _ _ _ _ _ _ _ _ _ _ _ _ _ _ _ _ _ _ _ _ _ _ _ _ _ _ _ _ _ _ _ _ _ _ _ _ _ _ \n\nself = <selenium.webdriver.remote.errorhandler.ErrorHandler object at 0x00000150ACFFABF0>\nresponse = {'status': 404, 'value': '{\"value\":{\"error\":\"no such element\",\"message\":\"no such element: Unable to locate element: {\\...07FF7C75AA3FF]\\\\n\\\\tBaseThreadInitThunk [0x00007FF9538D257D+29]\\\\n\\\\tRtlUserThreadStart [0x00007FF955BEAF28+40]\\\\n\"}}'}\n\n    def check_response(self, response: Dict[str, Any]) -> None:\n        \"\"\"Checks that a JSON response from the WebDriver does not have an\n        error.\n    \n        :Args:\n         - response - The JSON response from the WebDriver server as a dictionary\n           object.\n    \n        :Raises: If the response contains an error message.\n        \"\"\"\n        status = response.get(\"status\", None)\n        if not status or status == ErrorCode.SUCCESS:\n            return\n        value = None\n        message = response.get(\"message\", \"\")\n        screen: str = response.get(\"screen\", \"\")\n        stacktrace = None\n        if isinstance(status, int):\n            value_json = response.get(\"value\", None)\n            if value_json and isinstance(value_json, str):\n                import json\n    \n                try:\n                    value = json.loads(value_json)\n                    if len(value) == 1:\n                        value = value[\"value\"]\n                    status = value.get(\"error\", None)\n                    if not status:\n                        status = value.get(\"status\", ErrorCode.UNKNOWN_ERROR)\n                        message = value.get(\"value\") or value.get(\"message\")\n                        if not isinstance(message, str):\n                            value = message\n                            message = message.get(\"message\")\n                    else:\n                        message = value.get(\"message\", None)\n                except ValueError:\n                    pass\n    \n        exception_class: Type[WebDriverException]\n        e = ErrorCode()\n        error_codes = [item for item in dir(e) if not item.startswith(\"__\")]\n        for error_code in error_codes:\n            error_info = getattr(ErrorCode, error_code)\n            if isinstance(error_info, list) and status in error_info:\n                exception_class = getattr(ExceptionMapping, error_code, WebDriverException)\n                break\n        else:\n            exception_class = WebDriverException\n    \n        if not value:\n            value = response[\"value\"]\n        if isinstance(value, str):\n            raise exception_class(value)\n        if message == \"\" and \"message\" in value:\n            message = value[\"message\"]\n    \n        screen = None  # type: ignore[assignment]\n        if \"screen\" in value:\n            screen = value[\"screen\"]\n    \n        stacktrace = None\n        st_value = value.get(\"stackTrace\") or value.get(\"stacktrace\")\n        if st_value:\n            if isinstance(st_value, str):\n                stacktrace = st_value.split(\"\\n\")\n            else:\n                stacktrace = []\n                try:\n                    for frame in st_value:\n                        line = frame.get(\"lineNumber\", \"\")\n                        file = frame.get(\"fileName\", \"<anonymous>\")\n                        if line:\n                            file = f\"{file}:{line}\"\n                        meth = frame.get(\"methodName\", \"<anonymous>\")\n                        if \"className\" in frame:\n                            meth = f\"{frame['className']}.{meth}\"\n                        msg = \"    at %s (%s)\"\n                        msg = msg % (meth, file)\n                        stacktrace.append(msg)\n                except TypeError:\n                    pass\n        if exception_class == UnexpectedAlertPresentException:\n            alert_text = None\n            if \"data\" in value:\n                alert_text = value[\"data\"].get(\"text\")\n            elif \"alert\" in value:\n                alert_text = value[\"alert\"].get(\"text\")\n            raise exception_class(message, screen, stacktrace, alert_text)  # type: ignore[call-arg]  # mypy is not smart enough here\n>       raise exception_class(message, screen, stacktrace)\nE       selenium.common.exceptions.NoSuchElementException: Message: no such element: Unable to locate element: {\"method\":\"xpath\",\"selector\":\"//ul[@class='checkout-types top']//button[@title='Proceed to Checkout']\"}\nE         (Session info: chrome=127.0.6533.120); For documentation on this error, please visit: https://www.selenium.dev/documentation/webdriver/troubleshooting/errors#no-such-element-exception\nE       Stacktrace:\nE       \tGetHandleVerifier [0x00007FF7C75F9642+30946]\nE       \t(No symbol) [0x00007FF7C75AE3D9]\nE       \t(No symbol) [0x00007FF7C74A6FDA]\nE       \t(No symbol) [0x00007FF7C74F822C]\nE       \t(No symbol) [0x00007FF7C74F850C]\nE       \t(No symbol) [0x00007FF7C753DCB7]\nE       \t(No symbol) [0x00007FF7C751CAAF]\nE       \t(No symbol) [0x00007FF7C753B041]\nE       \t(No symbol) [0x00007FF7C751C813]\nE       \t(No symbol) [0x00007FF7C74EA6E5]\nE       \t(No symbol) [0x00007FF7C74EB021]\nE       \tGetHandleVerifier [0x00007FF7C772F84D+1301229]\nE       \tGetHandleVerifier [0x00007FF7C773BDC7+1351783]\nE       \tGetHandleVerifier [0x00007FF7C7732A13+1313971]\nE       \tGetHandleVerifier [0x00007FF7C762DD16+245686]\nE       \t(No symbol) [0x00007FF7C75B759F]\nE       \t(No symbol) [0x00007FF7C75B3814]\nE       \t(No symbol) [0x00007FF7C75B39A2]\nE       \t(No symbol) [0x00007FF7C75AA3FF]\nE       \tBaseThreadInitThunk [0x00007FF9538D257D+29]\nE       \tRtlUserThreadStart [0x00007FF955BEAF28+40]\n\n..\\..\\..\\..\\AppData\\Local\\Programs\\Python\\Python310\\lib\\site-packages\\selenium\\webdriver\\remote\\errorhandler.py:229: NoSuchElementException"}, "steps": [{"name": "Step 1: go to page", "status": "passed", "start": 1724366713778, "stop": 1724366714986}, {"name": "Step 2: click my account link", "status": "passed", "start": 1724366714986, "stop": 1724366715483}, {"name": "Step 3: login in using previously created credential", "status": "passed", "start": 1724366715483, "stop": 1724366716255}, {"name": "Step 4: click on my wishlist link", "status": "passed", "attachments": [{"name": "wishlist", "source": "1f2db743-b7de-410f-aca3-9dc72cc89553-attachment.png", "type": "image/png"}], "start": 1724366716255, "stop": 1724366716717}, {"name": "Step 5: click add to cart link", "status": "passed", "attachments": [{"name": "add to cart", "source": "0da3df9c-9c37-43e3-ac4e-183adfa28413-attachment.png", "type": "image/png"}], "start": 1724366716717, "stop": 1724366717854}, {"name": "Step 6: click proceed to checkout", "status": "broken", "statusDetails": {"message": "selenium.common.exceptions.NoSuchElementException: Message: no such element: Unable to locate element: {\"method\":\"xpath\",\"selector\":\"//ul[@class='checkout-types top']//button[@title='Proceed to Checkout']\"}\n  (Session info: chrome=127.0.6533.120); For documentation on this error, please visit: https://www.selenium.dev/documentation/webdriver/troubleshooting/errors#no-such-element-exception\nStacktrace:\n\tGetHandleVerifier [0x00007FF7C75F9642+30946]\n\t(No symbol) [0x00007FF7C75AE3D9]\n\t(No symbol) [0x00007FF7C74A6FDA]\n\t(No symbol) [0x00007FF7C74F822C]\n\t(No symbol) [0x00007FF7C74F850C]\n\t(No symbol) [0x00007FF7C753DCB7]\n\t(No symbol) [0x00007FF7C751CAAF]\n\t(No symbol) [0x00007FF7C753B041]\n\t(No symbol) [0x00007FF7C751C813]\n\t(No symbol) [0x00007FF7C74EA6E5]\n\t(No symbol) [0x00007FF7C74EB021]\n\tGetHandleVerifier [0x00007FF7C772F84D+1301229]\n\tGetHandleVerifier [0x00007FF7C773BDC7+1351783]\n\tGetHandleVerifier [0x00007FF7C7732A13+1313971]\n\tGetHandleVerifier [0x00007FF7C762DD16+245686]\n\t(No symbol) [0x00007FF7C75B759F]\n\t(No symbol) [0x00007FF7C75B3814]\n\t(No symbol) [0x00007FF7C75B39A2]\n\t(No symbol) [0x00007FF7C75AA3FF]\n\tBaseThreadInitThunk [0x00007FF9538D257D+29]\n\tRtlUserThreadStart [0x00007FF955BEAF28+40]\n\n", "trace": "  File \"C:\\Users\\Nemo\\Documents\\Automation_Testing_Learning\\Guru99_LiveProjects\\Live_Selenium_2\\test_Day6.py\", line 73, in check_out\n    driver.find_element(By.XPATH, \"//ul[@class='checkout-types top']//button[@title='Proceed to Checkout']\").click()\n  File \"C:\\Users\\Nemo\\AppData\\Local\\Programs\\Python\\Python310\\lib\\site-packages\\selenium\\webdriver\\remote\\webdriver.py\", line 748, in find_element\n    return self.execute(Command.FIND_ELEMENT, {\"using\": by, \"value\": value})[\"value\"]\n  File \"C:\\Users\\Nemo\\AppData\\Local\\Programs\\Python\\Python310\\lib\\site-packages\\selenium\\webdriver\\remote\\webdriver.py\", line 354, in execute\n    self.error_handler.check_response(response)\n  File \"C:\\Users\\Nemo\\AppData\\Local\\Programs\\Python\\Python310\\lib\\site-packages\\selenium\\webdriver\\remote\\errorhandler.py\", line 229, in check_response\n    raise exception_class(message, screen, stacktrace)\n"}, "start": 1724366717854, "stop": 1724366720877}], "start": 1724366712602, "stop": 1724366720878, "uuid": "cb1eac33-3698-42a5-9e5c-47fb315cac87", "historyId": "2bf9463163cc9c3d4e722fe606649e5f", "testCaseId": "2bf9463163cc9c3d4e722fe606649e5f", "fullName": "test_Day6#test_day6", "labels": [{"name": "suite", "value": "test_Day6"}, {"name": "host", "value": "NEMO"}, {"name": "thread", "value": "108800-MainThread"}, {"name": "framework", "value": "pytest"}, {"name": "language", "value": "cpython3"}, {"name": "package", "value": "test_Day6"}]}